2025-08-04 22:48:45,239 - Phase4Trainer - INFO - __init__:65 - Experiment directory: experiments/diabetic_retinopathy_phase4_v1
2025-08-04 22:48:45,402 - Phase4Trainer - INFO - __init__:109 - TensorBoard logs: experiments/diabetic_retinopathy_phase4_v1/logs
2025-08-04 22:48:45,402 - Phase4Trainer - INFO - __init__:128 - Phase 4 Trainer initialized on cuda
2025-08-04 22:48:45,402 - Phase4Trainer - INFO - __init__:129 - Configuration: diabetic_retinopathy_phase4_v1
2025-08-04 22:48:45,402 - Phase4Trainer - INFO - setup_model:158 - Setting up multi-task model...
2025-08-04 22:48:46,023 - Phase4Trainer - INFO - setup_model:176 - Model: tf_efficientnetv2_b0
2025-08-04 22:48:46,023 - Phase4Trainer - INFO - setup_model:177 - Total parameters: 14,303,958
2025-08-04 22:48:46,024 - Phase4Trainer - INFO - setup_model:178 - Trainable parameters: 14,303,958
2025-08-04 22:48:46,024 - Phase4Trainer - INFO - setup_model:185 - Estimated memory usage: 190.8 MB
2025-08-04 22:48:46,024 - Phase4Trainer - INFO - setup_optimizer:216 - Setting up optimizer: AdamW
2025-08-04 22:48:46,026 - Phase4Trainer - INFO - setup_optimizer:244 - Optimizer configured: lr=0.001, weight_decay=0.01
2025-08-04 22:48:46,026 - Phase4Trainer - INFO - setup_loss_function:287 - Multi-task loss function configured
2025-08-04 22:54:17,978 - Phase4Trainer - INFO - __init__:65 - Experiment directory: experiments/diabetic_retinopathy_phase4_v1
2025-08-04 22:54:18,147 - Phase4Trainer - INFO - __init__:109 - TensorBoard logs: experiments/diabetic_retinopathy_phase4_v1/logs
2025-08-04 22:54:18,147 - Phase4Trainer - INFO - __init__:128 - Phase 4 Trainer initialized on cuda
2025-08-04 22:54:18,147 - Phase4Trainer - INFO - __init__:129 - Configuration: diabetic_retinopathy_phase4_v1
2025-08-04 22:54:18,148 - Phase4Trainer - INFO - setup_model:158 - Setting up multi-task model...
2025-08-04 22:54:41,750 - Phase4Trainer - INFO - setup_model:176 - Model: tf_efficientnetv2_b0
2025-08-04 22:54:41,750 - Phase4Trainer - INFO - setup_model:177 - Total parameters: 14,303,958
2025-08-04 22:54:41,751 - Phase4Trainer - INFO - setup_model:178 - Trainable parameters: 14,303,958
2025-08-04 22:54:41,751 - Phase4Trainer - INFO - setup_model:185 - Estimated memory usage: 190.8 MB
2025-08-04 22:54:41,751 - Phase4Trainer - INFO - setup_optimizer:216 - Setting up optimizer: AdamW
2025-08-04 22:54:41,752 - Phase4Trainer - INFO - setup_optimizer:244 - Optimizer configured: lr=0.001, weight_decay=0.01
2025-08-04 22:54:41,753 - Phase4Trainer - INFO - setup_loss_function:287 - Multi-task loss function configured
2025-08-04 22:58:00,364 - Phase4Trainer - INFO - __init__:65 - Experiment directory: experiments/diabetic_retinopathy_phase4_v1
2025-08-04 22:58:00,528 - Phase4Trainer - INFO - __init__:109 - TensorBoard logs: experiments/diabetic_retinopathy_phase4_v1/logs
2025-08-04 22:58:00,529 - Phase4Trainer - INFO - __init__:128 - Phase 4 Trainer initialized on cuda
2025-08-04 22:58:00,529 - Phase4Trainer - INFO - __init__:129 - Configuration: diabetic_retinopathy_phase4_v1
2025-08-04 22:58:00,529 - Phase4Trainer - INFO - setup_model:158 - Setting up multi-task model...
2025-08-04 22:58:01,122 - Phase4Trainer - INFO - setup_model:176 - Model: tf_efficientnetv2_b0
2025-08-04 22:58:01,122 - Phase4Trainer - INFO - setup_model:177 - Total parameters: 14,303,958
2025-08-04 22:58:01,122 - Phase4Trainer - INFO - setup_model:178 - Trainable parameters: 14,303,958
2025-08-04 22:58:01,123 - Phase4Trainer - INFO - setup_model:185 - Estimated memory usage: 190.8 MB
2025-08-04 22:58:01,123 - Phase4Trainer - INFO - setup_optimizer:216 - Setting up optimizer: AdamW
2025-08-04 22:58:01,124 - Phase4Trainer - INFO - setup_optimizer:244 - Optimizer configured: lr=0.001, weight_decay=0.01
2025-08-04 22:58:01,125 - Phase4Trainer - INFO - setup_loss_function:287 - Multi-task loss function configured
